{
  "stats": {
    "suites": 1,
    "tests": 2,
    "passes": 2,
    "pending": 0,
    "failures": 0,
    "start": "2025-04-08T11:45:34.333Z",
    "end": "2025-04-08T11:46:02.778Z",
    "duration": 28445,
    "testsRegistered": 3,
    "passPercent": 66.66666666666666,
    "pendingPercent": 0,
    "other": 1,
    "hasOther": true,
    "skipped": 1,
    "hasSkipped": true
  },
  "results": [
    {
      "uuid": "c01ff67e-b03e-41b1-ace1-471f46420ea6",
      "title": "",
      "fullFile": "/home/dhandyjoee/Documents/kreditplus/automation/poc-selenium-js/e2e/simple/mocha.js",
      "file": "/e2e/simple/mocha.js",
      "beforeHooks": [],
      "afterHooks": [],
      "tests": [],
      "suites": [
        {
          "uuid": "91e835f7-a442-4d4c-b6a7-a8347ebe0ad2",
          "title": "Mocha Hooks in Selenium",
          "fullFile": "/home/dhandyjoee/Documents/kreditplus/automation/poc-selenium-js/e2e/simple/mocha.js",
          "file": "/e2e/simple/mocha.js",
          "beforeHooks": [
            {
              "title": "\"before each\" hook for \"username password is null\"",
              "fullTitle": "Mocha Hooks in Selenium \"before each\" hook for \"username password is null\"",
              "timedOut": true,
              "duration": 10140,
              "state": "failed",
              "speed": null,
              "pass": false,
              "fail": true,
              "pending": false,
              "context": null,
              "code": "this.timeout(10000);\nconsole.log(\"Launching browser...\");\ndriver = await new Builder().forBrowser('chrome').build();\nawait driver.manage().window().maximize();\nawait driver.get('https://staging-sally.kbfinansia.com/auth/login')",
              "err": {
                "message": "Error: Timeout of 10000ms exceeded. For async tests and hooks, ensure \"done()\" is called; if returning a Promise, ensure it resolves. (/home/dhandyjoee/Documents/kreditplus/automation/poc-selenium-js/e2e/simple/mocha.js)",
                "estack": "    at listOnTimeout (node:internal/timers:594:17)\n    at process.processTimers (node:internal/timers:529:7)",
                "diff": null
              },
              "uuid": "9b604b68-cda0-4e05-9d2a-c2a28ff96940",
              "parentUUID": "91e835f7-a442-4d4c-b6a7-a8347ebe0ad2",
              "isHook": true,
              "skipped": false
            }
          ],
          "afterHooks": [],
          "tests": [
            {
              "title": "valid login",
              "fullTitle": "Mocha Hooks in Selenium valid login",
              "timedOut": false,
              "duration": 4125,
              "state": "passed",
              "speed": "slow",
              "pass": true,
              "fail": false,
              "pending": false,
              "context": null,
              "code": "this.timeout(10000);\nlet fieldUsername = await driver.findElement(By.id('username'));\nlet fieldPassword = await driver.findElement(By.id('password'));\nlet buttonLogin = await driver.findElement(By.xpath(\"//button[@class='kt-form btn-login btn btn-primary btn-lg btn-block font-weight-bold']\"));\nawait fieldUsername.sendKeys(\"dhandyjoenathan\")\nawait fieldPassword.sendKeys(\"201017Dj*#*#\")\nawait buttonLogin.click()\nawait driver.findElement(By.xpath('//*[@id=\"kt_subheader\"]/div/div/h3')).getText().then((text) => {\n    expect(text).to.equal(\"Profile\");\n});\nawait driver.quit();",
              "err": {},
              "uuid": "d8e8442c-5fdd-4982-835c-f59929435438",
              "parentUUID": "91e835f7-a442-4d4c-b6a7-a8347ebe0ad2",
              "isHook": false,
              "skipped": false
            },
            {
              "title": "invalid login",
              "fullTitle": "Mocha Hooks in Selenium invalid login",
              "timedOut": false,
              "duration": 304,
              "state": "passed",
              "speed": "slow",
              "pass": true,
              "fail": false,
              "pending": false,
              "context": null,
              "code": "this.timeout(10000);\nlet fieldUsername = await driver.findElement(By.id('username'));\nlet fieldPassword = await driver.findElement(By.id('password'));\nlet buttonLogin = await driver.findElement(By.xpath(\"//button[@class='kt-form btn-login btn btn-primary btn-lg btn-block font-weight-bold']\"));\nawait fieldUsername.sendKeys(\"qweqwe\")\nawait fieldPassword.sendKeys(\"qweqwe\")\nawait buttonLogin.click()\nawait driver.findElement(By.xpath(\"//div[@class='alert-text']\")).getText().then((text) => {\n    expect(text).to.equal(\"Mohon masukan Password yang sesuai (Minimal 8 karakter)\");\n});\nawait driver.quit();",
              "err": {},
              "uuid": "8a26c0ca-6396-4b1d-ad94-31c43a671fa9",
              "parentUUID": "91e835f7-a442-4d4c-b6a7-a8347ebe0ad2",
              "isHook": false,
              "skipped": false
            },
            {
              "title": "username password is null",
              "fullTitle": "Mocha Hooks in Selenium username password is null",
              "timedOut": false,
              "duration": 0,
              "state": null,
              "speed": null,
              "pass": false,
              "fail": false,
              "pending": false,
              "context": null,
              "code": "this.timeout(10000);\n// let fieldUsername = await driver.findElement(By.id('username'));\n// let fieldPassword = await driver.findElement(By.id('password'));\nlet buttonLogin = await driver.findElement(By.xpath(\"//button[@class='kt-form btn-login btn btn-primary btn-lg btn-block font-weight-bold']\"));\n// await fieldUsername.sendKeys(\"qweqwe\")\n// await fieldPassword.sendKeys(\"qweqwe\")\nawait buttonLogin.click()\nawait driver.findElement(By.xpath(\"//div[normalize-space()='Password tidak boleh kosong']\")).getText().then((text) => {\n    expect(text).to.equal(\"Password tidak boleh kosong\");\n});\nawait driver.findElement(By.xpath(\"//div[normalize-space()='Username tidak boleh kosong']\")).getText().then((text) => {\n    expect(text).to.equal(\"Username tidak boleh kosong\");\n});\n\nawait driver.quit();",
              "err": {},
              "uuid": "3bf74b20-b3d8-4924-9379-1ef246c0bd34",
              "parentUUID": "91e835f7-a442-4d4c-b6a7-a8347ebe0ad2",
              "isHook": false,
              "skipped": true
            }
          ],
          "suites": [],
          "passes": [
            "d8e8442c-5fdd-4982-835c-f59929435438",
            "8a26c0ca-6396-4b1d-ad94-31c43a671fa9"
          ],
          "failures": [],
          "pending": [],
          "skipped": [
            "3bf74b20-b3d8-4924-9379-1ef246c0bd34"
          ],
          "duration": 4429,
          "root": false,
          "rootEmpty": false,
          "_timeout": 2000
        }
      ],
      "passes": [],
      "failures": [],
      "pending": [],
      "skipped": [],
      "duration": 0,
      "root": true,
      "rootEmpty": true,
      "_timeout": 2000
    }
  ],
  "meta": {
    "mocha": {
      "version": "11.1.0"
    },
    "mochawesome": {
      "options": {
        "quiet": false,
        "reportFilename": "mochawesome",
        "saveHtml": true,
        "saveJson": true,
        "consoleReporter": "spec",
        "useInlineDiffs": false,
        "code": true
      },
      "version": "7.1.3"
    },
    "marge": {
      "options": {
        "[object Object]": true
      },
      "version": "6.2.0"
    }
  }
}